This is ApacheBench, Version 2.3 <$Revision: 1879490 $>
Copyright 1996 Adam Twiss, Zeus Technology Ltd, http://www.zeustech.net/
Licensed to The Apache Software Foundation, http://www.apache.org/

Benchmarking 172.16.16.101 (be patient)


Server Software:        myserver/1.0
Server Hostname:        172.16.16.101
Server Port:            8889

Document Path:          /
Document Length:        35 bytes

Concurrency Level:      50
Time taken for tests:   115.274 seconds
Complete requests:      1000
Failed requests:        90
   (Connect: 0, Receive: 30, Length: 30, Exceptions: 30)
Keep-Alive requests:    0
Total transferred:      142443 bytes
HTML transferred:       33915 bytes
Requests per second:    8.68 [#/sec] (mean)
Time per request:       5763.702 [ms] (mean)
Time per request:       115.274 [ms] (mean, across all concurrent requests)
Transfer rate:          1.26 [Kbytes/sec] received

Connection Times (ms)
              min  mean[+/-sd] median   max
Connect:        0  908 2941.8      0   64470
Processing:     3 3832 18515.8    421  107132
Waiting:        0  523 1043.2    371   27467
Total:          4 4740 19142.2    545  110181

Percentage of the requests served within a certain time (ms)
  50%    545
  66%   1084
  75%   1547
  80%   1779
  90%   3963
  95%   8290
  98%  110179
  99%  110180
 100%  110181 (longest request)
