This is ApacheBench, Version 2.3 <$Revision: 1879490 $>
Copyright 1996 Adam Twiss, Zeus Technology Ltd, http://www.zeustech.net/
Licensed to The Apache Software Foundation, http://www.apache.org/

Benchmarking 172.16.16.101 (be patient)


Server Software:        myserver/1.0
Server Hostname:        172.16.16.101
Server Port:            8889

Document Path:          /
Document Length:        35 bytes

Concurrency Level:      100
Time taken for tests:   234.716 seconds
Complete requests:      1000
Failed requests:        309
   (Connect: 0, Receive: 103, Length: 103, Exceptions: 103)
Keep-Alive requests:    0
Total transferred:      132006 bytes
HTML transferred:       31430 bytes
Requests per second:    4.27 [#/sec] (mean)
Time per request:       23471.615 [ms] (mean)
Time per request:       234.716 [ms] (mean, across all concurrent requests)
Transfer rate:          0.57 [Kbytes/sec] received

Connection Times (ms)
              min  mean[+/-sd] median   max
Connect:        0 1387 3995.2      0   65604
Processing:     5 12820 34354.9    761  130497
Waiting:        0 1213 4485.2    471   58276
Total:          6 14207 35021.0   1208  130497

Percentage of the requests served within a certain time (ms)
  50%   1254
  66%   2131
  75%   3435
  80%   4527
  90%  108542
  95%  118057
  98%  118058
  99%  118060
 100%  130497 (longest request)
