This is ApacheBench, Version 2.3 <$Revision: 1879490 $>
Copyright 1996 Adam Twiss, Zeus Technology Ltd, http://www.zeustech.net/
Licensed to The Apache Software Foundation, http://www.apache.org/

Benchmarking 172.16.16.101 (be patient)


Server Software:        myserver/1.0
Server Hostname:        172.16.16.101
Server Port:            8889

Document Path:          /
Document Length:        35 bytes

Concurrency Level:      10
Time taken for tests:   135.986 seconds
Complete requests:      1000
Failed requests:        0
Keep-Alive requests:    0
Total transferred:      147000 bytes
HTML transferred:       35000 bytes
Requests per second:    7.35 [#/sec] (mean)
Time per request:       1359.864 [ms] (mean)
Time per request:       135.986 [ms] (mean, across all concurrent requests)
Transfer rate:          1.15 [Kbytes/sec] received

Connection Times (ms)
              min  mean[+/-sd] median   max
Connect:        0  403 1421.4      0   15410
Processing:     2  669 600.5    465    3507
Waiting:        1  657 574.7    448    3502
Total:          2 1072 1639.8    578   17352

Percentage of the requests served within a certain time (ms)
  50%    578
  66%   1085
  75%   1369
  80%   1663
  90%   2379
  95%   3391
  98%   4689
  99%   8196
 100%  17352 (longest request)
